Analysis & Synthesis report for max2
Thu Apr 19 17:10:34 2018
Quartus Prime Version 17.0.0 Build 595 04/25/2017 SJ Standard Edition


---------------------
; Table of Contents ;
---------------------
  1. Legal Notice
  2. Analysis & Synthesis Summary
  3. Analysis & Synthesis Settings
  4. Parallel Compilation
  5. Analysis & Synthesis Source Files Read
  6. Analysis & Synthesis Resource Usage Summary
  7. Analysis & Synthesis Resource Utilization by Entity
  8. Analysis & Synthesis IP Cores Summary
  9. Registers Removed During Synthesis
 10. Removed Registers Triggering Further Register Optimizations
 11. General Register Statistics
 12. Inverted Register Statistics
 13. Multiplexer Restructuring Statistics (Restructuring Performed)
 14. Parameter Settings for User Entity Instance: lpm_counter0:inst|lpm_counter:LPM_COUNTER_component
 15. Post-Synthesis Netlist Statistics for Top Partition
 16. Elapsed Time Per Partition
 17. Analysis & Synthesis Messages
 18. Analysis & Synthesis Suppressed Messages



----------------
; Legal Notice ;
----------------
Copyright (C) 2017  Intel Corporation. All rights reserved.
Your use of Intel Corporation's design tools, logic functions 
and other software and tools, and its AMPP partner logic 
functions, and any output files from any of the foregoing 
(including device programming or simulation files), and any 
associated documentation or information are expressly subject 
to the terms and conditions of the Intel Program License 
Subscription Agreement, the Intel Quartus Prime License Agreement,
the Intel MegaCore Function License Agreement, or other 
applicable license agreement, including, without limitation, 
that your use is for the sole purpose of programming logic 
devices manufactured by Intel and sold by Intel or its 
authorized distributors.  Please refer to the applicable 
agreement for further details.



+-----------------------------------------------------------------------------------+
; Analysis & Synthesis Summary                                                      ;
+---------------------------------+-------------------------------------------------+
; Analysis & Synthesis Status     ; Successful - Thu Apr 19 17:10:34 2018           ;
; Quartus Prime Version           ; 17.0.0 Build 595 04/25/2017 SJ Standard Edition ;
; Revision Name                   ; max2                                            ;
; Top-level Entity Name           ; max2                                            ;
; Family                          ; Cyclone V                                       ;
; Logic utilization (in ALMs)     ; N/A                                             ;
; Total registers                 ; 105                                             ;
; Total pins                      ; 56                                              ;
; Total virtual pins              ; 0                                               ;
; Total block memory bits         ; 0                                               ;
; Total DSP Blocks                ; 0                                               ;
; Total HSSI RX PCSs              ; 0                                               ;
; Total HSSI PMA RX Deserializers ; 0                                               ;
; Total HSSI TX PCSs              ; 0                                               ;
; Total HSSI PMA TX Serializers   ; 0                                               ;
; Total PLLs                      ; 0                                               ;
; Total DLLs                      ; 0                                               ;
+---------------------------------+-------------------------------------------------+


+---------------------------------------------------------------------------------------------------------------------------+
; Analysis & Synthesis Settings                                                                                             ;
+---------------------------------------------------------------------------------+--------------------+--------------------+
; Option                                                                          ; Setting            ; Default Value      ;
+---------------------------------------------------------------------------------+--------------------+--------------------+
; Device                                                                          ; 5CSEMA4U23C6       ;                    ;
; Top-level entity name                                                           ; max2               ; max2               ;
; Family name                                                                     ; Cyclone V          ; Stratix II         ;
; Use smart compilation                                                           ; Off                ; Off                ;
; Enable parallel Assembler and TimeQuest Timing Analyzer during compilation      ; On                 ; On                 ;
; Enable compact report table                                                     ; Off                ; Off                ;
; Restructure Multiplexers                                                        ; Auto               ; Auto               ;
; MLAB Add Timing Constraints For Mixed-Port Feed-Through Mode Setting Don't Care ; Off                ; Off                ;
; Create Debugging Nodes for IP Cores                                             ; Off                ; Off                ;
; Preserve fewer node names                                                       ; On                 ; On                 ;
; OpenCore Plus hardware evaluation                                               ; Enable             ; Enable             ;
; Verilog Version                                                                 ; Verilog_2001       ; Verilog_2001       ;
; VHDL Version                                                                    ; VHDL_1993          ; VHDL_1993          ;
; State Machine Processing                                                        ; Auto               ; Auto               ;
; Safe State Machine                                                              ; Off                ; Off                ;
; Extract Verilog State Machines                                                  ; On                 ; On                 ;
; Extract VHDL State Machines                                                     ; On                 ; On                 ;
; Ignore Verilog initial constructs                                               ; Off                ; Off                ;
; Iteration limit for constant Verilog loops                                      ; 5000               ; 5000               ;
; Iteration limit for non-constant Verilog loops                                  ; 250                ; 250                ;
; Add Pass-Through Logic to Inferred RAMs                                         ; On                 ; On                 ;
; Infer RAMs from Raw Logic                                                       ; On                 ; On                 ;
; Parallel Synthesis                                                              ; Off                ; Off                ;
; DSP Block Balancing                                                             ; Auto               ; Auto               ;
; NOT Gate Push-Back                                                              ; On                 ; On                 ;
; Power-Up Don't Care                                                             ; On                 ; On                 ;
; Remove Redundant Logic Cells                                                    ; Off                ; Off                ;
; Remove Duplicate Registers                                                      ; On                 ; On                 ;
; Ignore CARRY Buffers                                                            ; Off                ; Off                ;
; Ignore CASCADE Buffers                                                          ; Off                ; Off                ;
; Ignore GLOBAL Buffers                                                           ; Off                ; Off                ;
; Ignore ROW GLOBAL Buffers                                                       ; Off                ; Off                ;
; Ignore LCELL Buffers                                                            ; Off                ; Off                ;
; Ignore SOFT Buffers                                                             ; On                 ; On                 ;
; Limit AHDL Integers to 32 Bits                                                  ; Off                ; Off                ;
; Optimization Technique                                                          ; Balanced           ; Balanced           ;
; Carry Chain Length                                                              ; 70                 ; 70                 ;
; Auto Carry Chains                                                               ; On                 ; On                 ;
; Auto Open-Drain Pins                                                            ; On                 ; On                 ;
; Perform WYSIWYG Primitive Resynthesis                                           ; Off                ; Off                ;
; Auto ROM Replacement                                                            ; On                 ; On                 ;
; Auto RAM Replacement                                                            ; On                 ; On                 ;
; Auto DSP Block Replacement                                                      ; On                 ; On                 ;
; Auto Shift Register Replacement                                                 ; Auto               ; Auto               ;
; Allow Shift Register Merging across Hierarchies                                 ; Auto               ; Auto               ;
; Auto Clock Enable Replacement                                                   ; On                 ; On                 ;
; Strict RAM Replacement                                                          ; Off                ; Off                ;
; Allow Synchronous Control Signals                                               ; On                 ; On                 ;
; Force Use of Synchronous Clear Signals                                          ; Off                ; Off                ;
; Auto Resource Sharing                                                           ; Off                ; Off                ;
; Allow Any RAM Size For Recognition                                              ; Off                ; Off                ;
; Allow Any ROM Size For Recognition                                              ; Off                ; Off                ;
; Allow Any Shift Register Size For Recognition                                   ; Off                ; Off                ;
; Use LogicLock Constraints during Resource Balancing                             ; On                 ; On                 ;
; Ignore translate_off and synthesis_off directives                               ; Off                ; Off                ;
; Timing-Driven Synthesis                                                         ; On                 ; On                 ;
; Report Parameter Settings                                                       ; On                 ; On                 ;
; Report Source Assignments                                                       ; On                 ; On                 ;
; Report Connectivity Checks                                                      ; On                 ; On                 ;
; Ignore Maximum Fan-Out Assignments                                              ; Off                ; Off                ;
; Synchronization Register Chain Length                                           ; 3                  ; 3                  ;
; PowerPlay Power Optimization During Synthesis                                   ; Normal compilation ; Normal compilation ;
; HDL message level                                                               ; Level2             ; Level2             ;
; Suppress Register Optimization Related Messages                                 ; Off                ; Off                ;
; Number of Removed Registers Reported in Synthesis Report                        ; 100                ; 100                ;
; Number of Swept Nodes Reported in Synthesis Report                              ; 5000               ; 5000               ;
; Number of Inverted Registers Reported in Synthesis Report                       ; 100                ; 100                ;
; Clock MUX Protection                                                            ; On                 ; On                 ;
; Auto Gated Clock Conversion                                                     ; Off                ; Off                ;
; Block Design Naming                                                             ; Auto               ; Auto               ;
; SDC constraint protection                                                       ; Off                ; Off                ;
; Synthesis Effort                                                                ; Auto               ; Auto               ;
; Shift Register Replacement - Allow Asynchronous Clear Signal                    ; On                 ; On                 ;
; Pre-Mapping Resynthesis Optimization                                            ; Off                ; Off                ;
; Analysis & Synthesis Message Level                                              ; Medium             ; Medium             ;
; Disable Register Merging Across Hierarchies                                     ; Auto               ; Auto               ;
; Resource Aware Inference For Block RAM                                          ; On                 ; On                 ;
; Automatic Parallel Synthesis                                                    ; On                 ; On                 ;
; Partial Reconfiguration Bitstream ID                                            ; Off                ; Off                ;
+---------------------------------------------------------------------------------+--------------------+--------------------+


+------------------------------------------+
; Parallel Compilation                     ;
+----------------------------+-------------+
; Processors                 ; Number      ;
+----------------------------+-------------+
; Number detected on machine ; 4           ;
; Maximum allowed            ; 4           ;
;                            ;             ;
; Average used               ; 1.00        ;
; Maximum used               ; 4           ;
;                            ;             ;
; Usage by Processor         ; % Time Used ;
;     Processor 1            ; 100.0%      ;
;     Processor 2            ;   0.0%      ;
;     Processors 3-4         ;   0.0%      ;
+----------------------------+-------------+


+----------------------------------------------------------------------------------------------------------------------------------------------------------------------------------------------------------------------+
; Analysis & Synthesis Source Files Read                                                                                                                                                                               ;
+----------------------------------+-----------------+------------------------------------------+------------------------------------------------------------------------------------------------------------+---------+
; File Name with User-Entered Path ; Used in Netlist ; File Type                                ; File Name with Absolute Path                                                                               ; Library ;
+----------------------------------+-----------------+------------------------------------------+------------------------------------------------------------------------------------------------------------+---------+
; ps2.v                            ; yes             ; User Verilog HDL File                    ; /home/arkhan/Arkhan_projects/Quartus_projects/VGA/GitRepo_04_19/FPGA_VGA_2/Cyclone4tennis2/ps2.v           ;         ;
; hvsync.v                         ; yes             ; User Verilog HDL File                    ; /home/arkhan/Arkhan_projects/Quartus_projects/VGA/GitRepo_04_19/FPGA_VGA_2/Cyclone4tennis2/hvsync.v        ;         ;
; game.v                           ; yes             ; User Verilog HDL File                    ; /home/arkhan/Arkhan_projects/Quartus_projects/VGA/GitRepo_04_19/FPGA_VGA_2/Cyclone4tennis2/game.v          ;         ;
; lpm_counter0.v                   ; yes             ; User Wizard-Generated File               ; /home/arkhan/Arkhan_projects/Quartus_projects/VGA/GitRepo_04_19/FPGA_VGA_2/Cyclone4tennis2/lpm_counter0.v  ;         ;
; max2.bdf                         ; yes             ; Auto-Found Block Diagram/Schematic File  ; /home/arkhan/Arkhan_projects/Quartus_projects/VGA/GitRepo_04_19/FPGA_VGA_2/Cyclone4tennis2/max2.bdf        ;         ;
; lpm_counter.tdf                  ; yes             ; Megafunction                             ; /home/arkhan/intelFPGA/17.0/quartus/libraries/megafunctions/lpm_counter.tdf                                ;         ;
; lpm_constant.inc                 ; yes             ; Megafunction                             ; /home/arkhan/intelFPGA/17.0/quartus/libraries/megafunctions/lpm_constant.inc                               ;         ;
; lpm_decode.inc                   ; yes             ; Megafunction                             ; /home/arkhan/intelFPGA/17.0/quartus/libraries/megafunctions/lpm_decode.inc                                 ;         ;
; lpm_add_sub.inc                  ; yes             ; Megafunction                             ; /home/arkhan/intelFPGA/17.0/quartus/libraries/megafunctions/lpm_add_sub.inc                                ;         ;
; cmpconst.inc                     ; yes             ; Megafunction                             ; /home/arkhan/intelFPGA/17.0/quartus/libraries/megafunctions/cmpconst.inc                                   ;         ;
; lpm_compare.inc                  ; yes             ; Megafunction                             ; /home/arkhan/intelFPGA/17.0/quartus/libraries/megafunctions/lpm_compare.inc                                ;         ;
; lpm_counter.inc                  ; yes             ; Megafunction                             ; /home/arkhan/intelFPGA/17.0/quartus/libraries/megafunctions/lpm_counter.inc                                ;         ;
; dffeea.inc                       ; yes             ; Megafunction                             ; /home/arkhan/intelFPGA/17.0/quartus/libraries/megafunctions/dffeea.inc                                     ;         ;
; alt_counter_stratix.inc          ; yes             ; Megafunction                             ; /home/arkhan/intelFPGA/17.0/quartus/libraries/megafunctions/alt_counter_stratix.inc                        ;         ;
; aglobal170.inc                   ; yes             ; Megafunction                             ; /home/arkhan/intelFPGA/17.0/quartus/libraries/megafunctions/aglobal170.inc                                 ;         ;
; db/cntr_bti.tdf                  ; yes             ; Auto-Generated Megafunction              ; /home/arkhan/Arkhan_projects/Quartus_projects/VGA/GitRepo_04_19/FPGA_VGA_2/Cyclone4tennis2/db/cntr_bti.tdf ;         ;
+----------------------------------+-----------------+------------------------------------------+------------------------------------------------------------------------------------------------------------+---------+


+----------------------------------------------------------------------+
; Analysis & Synthesis Resource Usage Summary                          ;
+---------------------------------------------+------------------------+
; Resource                                    ; Usage                  ;
+---------------------------------------------+------------------------+
; Estimate of Logic utilization (ALMs needed) ; 106                    ;
;                                             ;                        ;
; Combinational ALUT usage for logic          ; 167                    ;
;     -- 7 input functions                    ; 0                      ;
;     -- 6 input functions                    ; 41                     ;
;     -- 5 input functions                    ; 26                     ;
;     -- 4 input functions                    ; 17                     ;
;     -- <=3 input functions                  ; 83                     ;
;                                             ;                        ;
; Dedicated logic registers                   ; 105                    ;
;                                             ;                        ;
; I/O pins                                    ; 56                     ;
;                                             ;                        ;
; Total DSP Blocks                            ; 0                      ;
;                                             ;                        ;
; Maximum fan-out node                        ; game:inst13|counter[1] ;
; Maximum fan-out                             ; 33                     ;
; Total fan-out                               ; 1033                   ;
; Average fan-out                             ; 2.69                   ;
+---------------------------------------------+------------------------+


+----------------------------------------------------------------------------------------------------------------------------------------------------------------------------------------------------------------------------------------------------------------------+
; Analysis & Synthesis Resource Utilization by Entity                                                                                                                                                                                                                  ;
+-------------------------------------------+---------------------+---------------------------+-------------------+------------+------+--------------+-----------------------------------------------------------------------------------+--------------+--------------+
; Compilation Hierarchy Node                ; Combinational ALUTs ; Dedicated Logic Registers ; Block Memory Bits ; DSP Blocks ; Pins ; Virtual Pins ; Full Hierarchy Name                                                               ; Entity Name  ; Library Name ;
+-------------------------------------------+---------------------+---------------------------+-------------------+------------+------+--------------+-----------------------------------------------------------------------------------+--------------+--------------+
; |max2                                     ; 167 (0)             ; 105 (0)                   ; 0                 ; 0          ; 56   ; 0            ; |max2                                                                             ; max2         ; work         ;
;    |game:inst13|                          ; 94 (94)             ; 37 (37)                   ; 0                 ; 0          ; 0    ; 0            ; |max2|game:inst13                                                                 ; game         ; work         ;
;    |hvsync:inst8|                         ; 37 (37)             ; 22 (22)                   ; 0                 ; 0          ; 0    ; 0            ; |max2|hvsync:inst8                                                                ; hvsync       ; work         ;
;    |lpm_counter0:inst|                    ; 3 (0)               ; 3 (0)                     ; 0                 ; 0          ; 0    ; 0            ; |max2|lpm_counter0:inst                                                           ; lpm_counter0 ; work         ;
;       |lpm_counter:LPM_COUNTER_component| ; 3 (0)               ; 3 (0)                     ; 0                 ; 0          ; 0    ; 0            ; |max2|lpm_counter0:inst|lpm_counter:LPM_COUNTER_component                         ; lpm_counter  ; work         ;
;          |cntr_bti:auto_generated|        ; 3 (3)               ; 3 (3)                     ; 0                 ; 0          ; 0    ; 0            ; |max2|lpm_counter0:inst|lpm_counter:LPM_COUNTER_component|cntr_bti:auto_generated ; cntr_bti     ; work         ;
;    |ps2:inst1|                            ; 33 (33)             ; 43 (43)                   ; 0                 ; 0          ; 0    ; 0            ; |max2|ps2:inst1                                                                   ; ps2          ; work         ;
+-------------------------------------------+---------------------+---------------------------+-------------------+------------+------+--------------+-----------------------------------------------------------------------------------+--------------+--------------+
Note: For table entries with two numbers listed, the numbers in parentheses indicate the number of resources of the given type used by the specific entity alone. The numbers listed outside of parentheses indicate the total resources of the given type used by the specific entity and all of its sub-entities in the hierarchy.


+-----------------------------------------------------------------------------------------------------------+
; Analysis & Synthesis IP Cores Summary                                                                     ;
+--------+--------------+---------+--------------+--------------+-------------------------+-----------------+
; Vendor ; IP Core Name ; Version ; Release Date ; License Type ; Entity Instance         ; IP Include File ;
+--------+--------------+---------+--------------+--------------+-------------------------+-----------------+
; Altera ; LPM_COUNTER  ; 17.0    ; N/A          ; N/A          ; |max2|lpm_counter0:inst ; lpm_counter0.v  ;
+--------+--------------+---------+--------------+--------------+-------------------------+-----------------+


+--------------------------------------------------------------------------------------+
; Registers Removed During Synthesis                                                   ;
+----------------------------------------+---------------------------------------------+
; Register name                          ; Reason for Removal                          ;
+----------------------------------------+---------------------------------------------+
; game:inst13|y[0]                       ; Merged with game:inst13|x[0]                ;
; ps2:inst1|trig                         ; Stuck at VCC due to stuck port data_in      ;
; ps2:inst1|start_count[1..14]           ; Stuck at GND due to stuck port clock_enable ;
; ps2:inst1|start_count[0,15]            ; Lost fanout                                 ;
; Total Number of Removed Registers = 18 ;                                             ;
+----------------------------------------+---------------------------------------------+


+-------------------------------------------------------------------------------------------------------------------------------+
; Removed Registers Triggering Further Register Optimizations                                                                   ;
+----------------+---------------------------+----------------------------------------------------------------------------------+
; Register name  ; Reason for Removal        ; Registers Removed due to This Register                                           ;
+----------------+---------------------------+----------------------------------------------------------------------------------+
; ps2:inst1|trig ; Stuck at VCC              ; ps2:inst1|start_count[1], ps2:inst1|start_count[2], ps2:inst1|start_count[3],    ;
;                ; due to stuck port data_in ; ps2:inst1|start_count[4], ps2:inst1|start_count[5], ps2:inst1|start_count[6],    ;
;                ;                           ; ps2:inst1|start_count[7], ps2:inst1|start_count[8], ps2:inst1|start_count[9],    ;
;                ;                           ; ps2:inst1|start_count[10], ps2:inst1|start_count[11], ps2:inst1|start_count[12], ;
;                ;                           ; ps2:inst1|start_count[13], ps2:inst1|start_count[14], ps2:inst1|start_count[15], ;
;                ;                           ; ps2:inst1|start_count[0]                                                         ;
+----------------+---------------------------+----------------------------------------------------------------------------------+


+------------------------------------------------------+
; General Register Statistics                          ;
+----------------------------------------------+-------+
; Statistic                                    ; Value ;
+----------------------------------------------+-------+
; Total registers                              ; 105   ;
; Number of registers using Synchronous Clear  ; 28    ;
; Number of registers using Synchronous Load   ; 0     ;
; Number of registers using Asynchronous Clear ; 21    ;
; Number of registers using Asynchronous Load  ; 0     ;
; Number of registers using Clock Enable       ; 51    ;
; Number of registers using Preset             ; 0     ;
+----------------------------------------------+-------+


+--------------------------------------------------+
; Inverted Register Statistics                     ;
+----------------------------------------+---------+
; Inverted Register                      ; Fan out ;
+----------------------------------------+---------+
; game:inst13|y[2]                       ; 6       ;
; game:inst13|y[4]                       ; 8       ;
; game:inst13|x[2]                       ; 4       ;
; game:inst13|x[4]                       ; 5       ;
; Total number of inverted registers = 4 ;         ;
+----------------------------------------+---------+


+------------------------------------------------------------------------------------------------------------------------------------------+
; Multiplexer Restructuring Statistics (Restructuring Performed)                                                                           ;
+--------------------+-----------+---------------+----------------------+------------------------+------------+----------------------------+
; Multiplexer Inputs ; Bus Width ; Baseline Area ; Area if Restructured ; Saving if Restructured ; Registered ; Example Multiplexer Output ;
+--------------------+-----------+---------------+----------------------+------------------------+------------+----------------------------+
; 5:1                ; 2 bits    ; 6 LEs         ; 4 LEs                ; 2 LEs                  ; Yes        ; |max2|ps2:inst1|up         ;
+--------------------+-----------+---------------+----------------------+------------------------+------------+----------------------------+


+--------------------------------------------------------------------------------------------------+
; Parameter Settings for User Entity Instance: lpm_counter0:inst|lpm_counter:LPM_COUNTER_component ;
+------------------------+-------------+-----------------------------------------------------------+
; Parameter Name         ; Value       ; Type                                                      ;
+------------------------+-------------+-----------------------------------------------------------+
; AUTO_CARRY_CHAINS      ; ON          ; AUTO_CARRY                                                ;
; IGNORE_CARRY_BUFFERS   ; OFF         ; IGNORE_CARRY                                              ;
; AUTO_CASCADE_CHAINS    ; ON          ; AUTO_CASCADE                                              ;
; IGNORE_CASCADE_BUFFERS ; OFF         ; IGNORE_CASCADE                                            ;
; LPM_WIDTH              ; 3           ; Signed Integer                                            ;
; LPM_DIRECTION          ; UP          ; Untyped                                                   ;
; LPM_MODULUS            ; 20          ; Signed Integer                                            ;
; LPM_AVALUE             ; UNUSED      ; Untyped                                                   ;
; LPM_SVALUE             ; UNUSED      ; Untyped                                                   ;
; LPM_PORT_UPDOWN        ; PORT_UNUSED ; Untyped                                                   ;
; DEVICE_FAMILY          ; Cyclone V   ; Untyped                                                   ;
; CARRY_CHAIN            ; MANUAL      ; Untyped                                                   ;
; CARRY_CHAIN_LENGTH     ; 48          ; CARRY_CHAIN_LENGTH                                        ;
; NOT_GATE_PUSH_BACK     ; ON          ; NOT_GATE_PUSH_BACK                                        ;
; CARRY_CNT_EN           ; SMART       ; Untyped                                                   ;
; LABWIDE_SCLR           ; ON          ; Untyped                                                   ;
; USE_NEW_VERSION        ; TRUE        ; Untyped                                                   ;
; CBXI_PARAMETER         ; cntr_bti    ; Untyped                                                   ;
+------------------------+-------------+-----------------------------------------------------------+
Note: In order to hide this table in the UI and the text report file, please set the "Show Parameter Settings in Synthesis Report" option in "Analysis and Synthesis Settings -> More Settings" to "Off".


+-----------------------------------------------------+
; Post-Synthesis Netlist Statistics for Top Partition ;
+-----------------------+-----------------------------+
; Type                  ; Count                       ;
+-----------------------+-----------------------------+
; arriav_ff             ; 105                         ;
;     ENA               ; 18                          ;
;     ENA CLR           ; 21                          ;
;     ENA SCLR          ; 12                          ;
;     SCLR              ; 16                          ;
;     plain             ; 38                          ;
; arriav_lcell_comb     ; 167                         ;
;     arith             ; 69                          ;
;         0 data inputs ; 1                           ;
;         1 data inputs ; 48                          ;
;         2 data inputs ; 13                          ;
;         4 data inputs ; 2                           ;
;         5 data inputs ; 5                           ;
;     normal            ; 98                          ;
;         1 data inputs ; 7                           ;
;         2 data inputs ; 10                          ;
;         3 data inputs ; 4                           ;
;         4 data inputs ; 15                          ;
;         5 data inputs ; 21                          ;
;         6 data inputs ; 41                          ;
; boundary_port         ; 56                          ;
;                       ;                             ;
; Max LUT depth         ; 4.70                        ;
; Average LUT depth     ; 2.38                        ;
+-----------------------+-----------------------------+


+-------------------------------+
; Elapsed Time Per Partition    ;
+----------------+--------------+
; Partition Name ; Elapsed Time ;
+----------------+--------------+
; Top            ; 00:00:00     ;
+----------------+--------------+


+-------------------------------+
; Analysis & Synthesis Messages ;
+-------------------------------+
Info: *******************************************************************
Info: Running Quartus Prime Analysis & Synthesis
    Info: Version 17.0.0 Build 595 04/25/2017 SJ Standard Edition
    Info: Processing started: Thu Apr 19 17:10:24 2018
Info: Command: quartus_map --read_settings_files=on --write_settings_files=off max2 -c max2
Warning (18236): Number of processors has not been specified which may cause overloading on shared machines.  Set the global assignment NUM_PARALLEL_PROCESSORS in your QSF to an appropriate value for best performance.
Info (20030): Parallel compilation is enabled and will use 4 of the 4 processors detected
Info (12021): Found 1 design units, including 1 entities, in source file ps2.v
    Info (12023): Found entity 1: ps2 File: /home/arkhan/Arkhan_projects/Quartus_projects/VGA/GitRepo_04_19/FPGA_VGA_2/Cyclone4tennis2/ps2.v Line: 1
Info (12021): Found 1 design units, including 1 entities, in source file hvsync.v
    Info (12023): Found entity 1: hvsync File: /home/arkhan/Arkhan_projects/Quartus_projects/VGA/GitRepo_04_19/FPGA_VGA_2/Cyclone4tennis2/hvsync.v Line: 6
Info (12021): Found 1 design units, including 1 entities, in source file game.v
    Info (12023): Found entity 1: game File: /home/arkhan/Arkhan_projects/Quartus_projects/VGA/GitRepo_04_19/FPGA_VGA_2/Cyclone4tennis2/game.v Line: 6
Info (12021): Found 1 design units, including 1 entities, in source file lpm_counter0.v
    Info (12023): Found entity 1: lpm_counter0 File: /home/arkhan/Arkhan_projects/Quartus_projects/VGA/GitRepo_04_19/FPGA_VGA_2/Cyclone4tennis2/lpm_counter0.v Line: 40
Warning (12125): Using design file max2.bdf, which is not specified as a design file for the current project, but contains definitions for 1 design units and 1 entities in project
    Info (12023): Found entity 1: max2
Info (12127): Elaborating entity "max2" for the top level hierarchy
Warning (275009): Pin "key_0" not connected
Info (12128): Elaborating entity "hvsync" for hierarchy "hvsync:inst8"
Info (12128): Elaborating entity "lpm_counter0" for hierarchy "lpm_counter0:inst"
Info (12128): Elaborating entity "lpm_counter" for hierarchy "lpm_counter0:inst|lpm_counter:LPM_COUNTER_component" File: /home/arkhan/Arkhan_projects/Quartus_projects/VGA/GitRepo_04_19/FPGA_VGA_2/Cyclone4tennis2/lpm_counter0.v Line: 65
Warning (287001): Assertion warning: Value of LPM_MODULUS parameter (20) is too large for a 3-bit counter File: /home/arkhan/intelFPGA/17.0/quartus/libraries/megafunctions/lpm_counter.tdf Line: 449
Info (12130): Elaborated megafunction instantiation "lpm_counter0:inst|lpm_counter:LPM_COUNTER_component" File: /home/arkhan/Arkhan_projects/Quartus_projects/VGA/GitRepo_04_19/FPGA_VGA_2/Cyclone4tennis2/lpm_counter0.v Line: 65
Info (12133): Instantiated megafunction "lpm_counter0:inst|lpm_counter:LPM_COUNTER_component" with the following parameter: File: /home/arkhan/Arkhan_projects/Quartus_projects/VGA/GitRepo_04_19/FPGA_VGA_2/Cyclone4tennis2/lpm_counter0.v Line: 65
    Info (12134): Parameter "lpm_direction" = "UP"
    Info (12134): Parameter "lpm_modulus" = "20"
    Info (12134): Parameter "lpm_port_updown" = "PORT_UNUSED"
    Info (12134): Parameter "lpm_type" = "LPM_COUNTER"
    Info (12134): Parameter "lpm_width" = "3"
Warning (287001): Assertion warning: LPM_MODULUS input value is 20. It should be within the range of 1 to 2^3. Assume no modulus input File: /home/arkhan/Arkhan_projects/Quartus_projects/VGA/GitRepo_04_19/FPGA_VGA_2/Cyclone4tennis2/db/cntr_bti.tdf Line: 92
Info (12021): Found 1 design units, including 1 entities, in source file db/cntr_bti.tdf
    Info (12023): Found entity 1: cntr_bti File: /home/arkhan/Arkhan_projects/Quartus_projects/VGA/GitRepo_04_19/FPGA_VGA_2/Cyclone4tennis2/db/cntr_bti.tdf Line: 26
Info (12128): Elaborating entity "cntr_bti" for hierarchy "lpm_counter0:inst|lpm_counter:LPM_COUNTER_component|cntr_bti:auto_generated" File: /home/arkhan/intelFPGA/17.0/quartus/libraries/megafunctions/lpm_counter.tdf Line: 259
Info (12128): Elaborating entity "game" for hierarchy "game:inst13"
Info (12128): Elaborating entity "ps2" for hierarchy "ps2:inst1"
Warning (10230): Verilog HDL assignment warning at ps2.v(21): truncated value with size 32 to match size of target (16) File: /home/arkhan/Arkhan_projects/Quartus_projects/VGA/GitRepo_04_19/FPGA_VGA_2/Cyclone4tennis2/ps2.v Line: 21
Warning (10230): Verilog HDL assignment warning at ps2.v(30): truncated value with size 4 to match size of target (3) File: /home/arkhan/Arkhan_projects/Quartus_projects/VGA/GitRepo_04_19/FPGA_VGA_2/Cyclone4tennis2/ps2.v Line: 30
Warning (10230): Verilog HDL assignment warning at ps2.v(54): truncated value with size 32 to match size of target (9) File: /home/arkhan/Arkhan_projects/Quartus_projects/VGA/GitRepo_04_19/FPGA_VGA_2/Cyclone4tennis2/ps2.v Line: 54
Warning (10230): Verilog HDL assignment warning at ps2.v(69): truncated value with size 32 to match size of target (8) File: /home/arkhan/Arkhan_projects/Quartus_projects/VGA/GitRepo_04_19/FPGA_VGA_2/Cyclone4tennis2/ps2.v Line: 69
Info (286030): Timing-Driven Synthesis is running
Info (17049): 2 registers lost all their fanouts during netlist optimizations.
Warning (20013): Ignored 24 assignments for entity "main" -- entity does not exist in design
    Warning (20014): Assignment for entity set_instance_assignment -name PARTITION_HIERARCHY root_partition -to | -entity main -section_id Top was ignored
    Warning (20014): Assignment for entity set_global_assignment -name PARTITION_NETLIST_TYPE SOURCE -entity main -section_id Top was ignored
    Warning (20014): Assignment for entity set_global_assignment -name PARTITION_FITTER_PRESERVATION_LEVEL PLACEMENT_AND_ROUTING -entity main -section_id Top was ignored
    Warning (20014): Assignment for entity set_global_assignment -name PARTITION_PRESERVE_HIGH_SPEED_TILES ON -entity main -section_id Top was ignored
    Warning (20014): Assignment for entity set_global_assignment -name PARTITION_IGNORE_SOURCE_FILE_CHANGES OFF -entity main -section_id Top was ignored
    Warning (20014): Assignment for entity set_global_assignment -name PARTITION_ALWAYS_USE_QXP_NETLIST OFF -entity main -section_id Top was ignored
    Warning (20014): Assignment for entity set_global_assignment -name PARTITION_COLOR 16764057 -entity main -section_id Top was ignored
    Warning (20014): Assignment for entity set_global_assignment -name PARTITION_IMPORT_ASSIGNMENTS ON -entity main -section_id Top was ignored
    Warning (20014): Assignment for entity set_global_assignment -name PARTITION_IMPORT_EXISTING_ASSIGNMENTS REPLACE_CONFLICTING -entity main -section_id Top was ignored
    Warning (20014): Assignment for entity set_global_assignment -name PARTITION_IMPORT_EXISTING_LOGICLOCK_REGIONS REPLACE_CONFLICTING -entity main -section_id Top was ignored
    Warning (20014): Assignment for entity set_global_assignment -name PARTITION_IMPORT_PIN_ASSIGNMENTS ON -entity main -section_id Top was ignored
    Warning (20014): Assignment for entity set_global_assignment -name PARTITION_IMPORT_PROMOTE_ASSIGNMENTS ON -entity main -section_id Top was ignored
    Warning (20014): Assignment for entity set_global_assignment -name PARTITION_TYPE STANDARD_PARTITION -entity main -section_id Top was ignored
    Warning (20014): Assignment for entity set_global_assignment -name ALLOW_MULTIPLE_PERSONAS OFF -entity main -section_id Top was ignored
    Warning (20014): Assignment for entity set_global_assignment -name PARTITION_ASD_REGION_ID 1 -entity main -section_id Top was ignored
    Warning (20014): Assignment for entity set_global_assignment -name CROSS_BOUNDARY_OPTIMIZATIONS OFF -entity main -section_id Top was ignored
    Warning (20014): Assignment for entity set_global_assignment -name PROPAGATE_CONSTANTS_ON_INPUTS ON -entity main -section_id Top was ignored
    Warning (20014): Assignment for entity set_global_assignment -name PROPAGATE_INVERSIONS_ON_INPUTS ON -entity main -section_id Top was ignored
    Warning (20014): Assignment for entity set_global_assignment -name REMOVE_LOGIC_ON_UNCONNECTED_OUTPUTS ON -entity main -section_id Top was ignored
    Warning (20014): Assignment for entity set_global_assignment -name MERGE_EQUIVALENT_INPUTS ON -entity main -section_id Top was ignored
    Warning (20014): Assignment for entity set_global_assignment -name MERGE_EQUIVALENT_BIDIRS ON -entity main -section_id Top was ignored
    Warning (20014): Assignment for entity set_global_assignment -name ABSORB_PATHS_FROM_OUTPUTS_TO_INPUTS ON -entity main -section_id Top was ignored
    Warning (20014): Assignment for entity set_global_assignment -name PARTITION_EXTRACT_HARD_BLOCK_NODES ON -entity main -section_id Top was ignored
    Warning (20014): Assignment for entity set_global_assignment -name PARTITION_ENABLE_STRICT_PRESERVATION OFF -entity main -section_id Top was ignored
Info (144001): Generated suppressed messages file /home/arkhan/Arkhan_projects/Quartus_projects/VGA/GitRepo_04_19/FPGA_VGA_2/Cyclone4tennis2/max2.map.smsg
Info (16010): Generating hard_block partition "hard_block:auto_generated_inst"
    Info (16011): Adding 0 node(s), including 0 DDIO, 0 PLL, 0 transceiver and 0 LCELL
Warning (21074): Design contains 1 input pin(s) that do not drive logic
    Warning (15610): No output dependent on input pin "key_0"
Info (21057): Implemented 247 device resources after synthesis - the final resource count might be different
    Info (21058): Implemented 5 input pins
    Info (21059): Implemented 51 output pins
    Info (21061): Implemented 191 logic cells
Info: Quartus Prime Analysis & Synthesis was successful. 0 errors, 36 warnings
    Info: Peak virtual memory: 1071 megabytes
    Info: Processing ended: Thu Apr 19 17:10:34 2018
    Info: Elapsed time: 00:00:10
    Info: Total CPU time (on all processors): 00:00:19


+------------------------------------------+
; Analysis & Synthesis Suppressed Messages ;
+------------------------------------------+
The suppressed messages can be found in /home/arkhan/Arkhan_projects/Quartus_projects/VGA/GitRepo_04_19/FPGA_VGA_2/Cyclone4tennis2/max2.map.smsg.


