Flow report for max2
Tue Apr 17 20:37:48 2018
Quartus Prime Version 17.0.0 Build 595 04/25/2017 SJ Standard Edition


---------------------
; Table of Contents ;
---------------------
  1. Legal Notice
  2. Flow Summary
  3. Flow Settings
  4. Flow Non-Default Global Settings
  5. Flow Elapsed Time
  6. Flow OS Summary
  7. Flow Log
  8. Flow Messages
  9. Flow Suppressed Messages



----------------
; Legal Notice ;
----------------
Copyright (C) 2017  Intel Corporation. All rights reserved.
Your use of Intel Corporation's design tools, logic functions 
and other software and tools, and its AMPP partner logic 
functions, and any output files from any of the foregoing 
(including device programming or simulation files), and any 
associated documentation or information are expressly subject 
to the terms and conditions of the Intel Program License 
Subscription Agreement, the Intel Quartus Prime License Agreement,
the Intel MegaCore Function License Agreement, or other 
applicable license agreement, including, without limitation, 
that your use is for the sole purpose of programming logic 
devices manufactured by Intel and sold by Intel or its 
authorized distributors.  Please refer to the applicable 
agreement for further details.



+-----------------------------------------------------------------------------------+
; Flow Summary                                                                      ;
+---------------------------------+-------------------------------------------------+
; Flow Status                     ; Successful - Tue Apr 17 20:37:42 2018           ;
; Quartus Prime Version           ; 17.0.0 Build 595 04/25/2017 SJ Standard Edition ;
; Revision Name                   ; max2                                            ;
; Top-level Entity Name           ; max2                                            ;
; Family                          ; Cyclone V                                       ;
; Device                          ; 5CSEMA4U23C6                                    ;
; Timing Models                   ; Final                                           ;
; Logic utilization (in ALMs)     ; 53 / 15,880 ( < 1 % )                           ;
; Total registers                 ; 50                                              ;
; Total pins                      ; 54 / 314 ( 17 % )                               ;
; Total virtual pins              ; 0                                               ;
; Total block memory bits         ; 0 / 2,764,800 ( 0 % )                           ;
; Total DSP Blocks                ; 0 / 84 ( 0 % )                                  ;
; Total HSSI RX PCSs              ; 0                                               ;
; Total HSSI PMA RX Deserializers ; 0                                               ;
; Total HSSI TX PCSs              ; 0                                               ;
; Total HSSI PMA TX Serializers   ; 0                                               ;
; Total PLLs                      ; 0 / 5 ( 0 % )                                   ;
; Total DLLs                      ; 0 / 4 ( 0 % )                                   ;
+---------------------------------+-------------------------------------------------+


+-----------------------------------------+
; Flow Settings                           ;
+-------------------+---------------------+
; Option            ; Setting             ;
+-------------------+---------------------+
; Start date & time ; 04/17/2018 20:37:04 ;
; Main task         ; Compilation         ;
; Revision Name     ; max2                ;
+-------------------+---------------------+


+---------------------------------------------------------------------------------------------------------------------------+
; Flow Non-Default Global Settings                                                                                          ;
+---------------------------------------+----------------------------------------+---------------+-------------+------------+
; Assignment Name                       ; Value                                  ; Default Value ; Entity Name ; Section Id ;
+---------------------------------------+----------------------------------------+---------------+-------------+------------+
; COMPILER_SIGNATURE_ID                 ; 18121609182035.152398662423540         ; --            ; --          ; --         ;
; MAX_CORE_JUNCTION_TEMP                ; 85                                     ; --            ; --          ; --         ;
; MIN_CORE_JUNCTION_TEMP                ; 0                                      ; --            ; --          ; --         ;
; MISC_FILE                             ; lpm_counter0.bsf                       ; --            ; --          ; --         ;
; MISC_FILE                             ; lpm_counter0_bb.v                      ; --            ; --          ; --         ;
; MISC_FILE                             ; lpm_counter0.inc                       ; --            ; --          ; --         ;
; PARTITION_COLOR                       ; -- (Not supported for targeted family) ; --            ; main        ; Top        ;
; PARTITION_COLOR                       ; -- (Not supported for targeted family) ; --            ; --          ; Top        ;
; PARTITION_FITTER_PRESERVATION_LEVEL   ; -- (Not supported for targeted family) ; --            ; main        ; Top        ;
; PARTITION_FITTER_PRESERVATION_LEVEL   ; -- (Not supported for targeted family) ; --            ; --          ; Top        ;
; PARTITION_NETLIST_TYPE                ; -- (Not supported for targeted family) ; --            ; main        ; Top        ;
; PARTITION_NETLIST_TYPE                ; -- (Not supported for targeted family) ; --            ; --          ; Top        ;
; POWER_EXT_SUPPLY_VOLTAGE_TO_REGULATOR ; -- (Not supported for targeted family) ; --            ; --          ; --         ;
; USE_GENERATED_PHYSICAL_CONSTRAINTS    ; Off                                    ; --            ; --          ; eda_palace ;
+---------------------------------------+----------------------------------------+---------------+-------------+------------+


+-------------------------------------------------------------------------------------------------------------------------------+
; Flow Elapsed Time                                                                                                             ;
+---------------------------+--------------+-------------------------+---------------------+------------------------------------+
; Module Name               ; Elapsed Time ; Average Processors Used ; Peak Virtual Memory ; Total CPU Time (on all processors) ;
+---------------------------+--------------+-------------------------+---------------------+------------------------------------+
; Analysis & Synthesis      ; 00:00:09     ; 1.0                     ; 1028 MB             ; 00:00:19                           ;
; Fitter                    ; 00:00:23     ; 1.1                     ; 1885 MB             ; 00:00:39                           ;
; Assembler                 ; 00:00:04     ; 1.0                     ; 968 MB              ; 00:00:04                           ;
; TimeQuest Timing Analyzer ; 00:00:05     ; 1.1                     ; 1165 MB             ; 00:00:05                           ;
; Total                     ; 00:00:41     ; --                      ; --                  ; 00:01:07                           ;
+---------------------------+--------------+-------------------------+---------------------+------------------------------------+


+---------------------------------------------------------------------------------------------+
; Flow OS Summary                                                                             ;
+---------------------------+------------------+----------------+------------+----------------+
; Module Name               ; Machine Hostname ; OS Name        ; OS Version ; Processor type ;
+---------------------------+------------------+----------------+------------+----------------+
; Analysis & Synthesis      ; arkhanPC         ; Ubuntu 16.04.3 ; 16         ; x86_64         ;
; Fitter                    ; arkhanPC         ; Ubuntu 16.04.3 ; 16         ; x86_64         ;
; Assembler                 ; arkhanPC         ; Ubuntu 16.04.3 ; 16         ; x86_64         ;
; TimeQuest Timing Analyzer ; arkhanPC         ; Ubuntu 16.04.3 ; 16         ; x86_64         ;
+---------------------------+------------------+----------------+------------+----------------+


------------
; Flow Log ;
------------
quartus_map --read_settings_files=on --write_settings_files=off max2 -c max2
quartus_fit --read_settings_files=off --write_settings_files=off max2 -c max2
quartus_asm --read_settings_files=off --write_settings_files=off max2 -c max2
quartus_sta max2 -c max2



